#
# There is insufficient memory for the Java Runtime Environment to continue.
# Native memory allocation (malloc) failed to allocate 732832 bytes for Chunk::new
# Possible reasons:
#   The system is out of physical RAM or swap space
#   The process is running with CompressedOops enabled, and the Java Heap may be blocking the growth of the native heap
# Possible solutions:
#   Reduce memory load on the system
#   Increase physical memory or swap space
#   Check if swap backing store is full
#   Decrease Java heap size (-Xmx/-Xms)
#   Decrease number of Java threads
#   Decrease Java thread stack sizes (-Xss)
#   Set larger code cache with -XX:ReservedCodeCacheSize=
#   JVM is running with Unscaled Compressed Oops mode in which the Java heap is
#     placed in the first 4GB address space. The Java Heap base address is the
#     maximum limit for the native heap growth. Please use -XX:HeapBaseMinAddress
#     to set the Java Heap base and to place the Java Heap above 4GB virtual address.
# This output file may be truncated or incomplete.
#
#  Out of Memory Error (./open/src/hotspot/share/memory/arena.cpp:195), pid=27132, tid=23540
#
# JRE version: OpenJDK Runtime Environment (15.0.1+9) (build 15.0.1+9-18)
# Java VM: OpenJDK 64-Bit Server VM (15.0.1+9-18, mixed mode, tiered, compressed oops, g1 gc, windows-amd64)
# No core dump will be written. Minidumps are not enabled by default on client versions of Windows
#

---------------  S U M M A R Y ------------

Command Line: -Dfile.encoding=UTF-8 -XX:+ShowCodeDetailsInExceptionMessages com.mini.run.run

Host: Intel(R) Core(TM) i5-6200U CPU @ 2.30GHz, 4 cores, 7G,  Windows 10 , 64 bit Build 18362 (10.0.18362.1316)
Time: Sun Apr 11 03:55:15 2021 ¢¥eCN©öI¡¾©ö C¡ÍA¨ª¨öA elapsed time: 10.820545 seconds (0d 0h 0m 10s)

---------------  T H R E A D  ---------------

Current thread (0x000001f667ad1290):  JavaThread "C2 CompilerThread1" daemon [_thread_in_native, id=23540, stack(0x0000007e51200000,0x0000007e51300000)]


Current CompileTask:
C2:  10821 1884   !   4       sun.font.FontDesignMetrics::getMetrics (265 bytes)

Stack: [0x0000007e51200000,0x0000007e51300000]
Native frames: (J=compiled Java code, j=interpreted, Vv=VM code, C=native code)
V  [jvm.dll+0x62ae9a]
V  [jvm.dll+0x781389]
V  [jvm.dll+0x782ae3]
V  [jvm.dll+0x783143]
V  [jvm.dll+0x216265]
V  [jvm.dll+0x97efa]
V  [jvm.dll+0x985dc]
V  [jvm.dll+0x32e525]
V  [jvm.dll+0x2f78aa]
V  [jvm.dll+0x2f6c6a]
V  [jvm.dll+0x1ea645]
V  [jvm.dll+0x1e98ae]
V  [jvm.dll+0x1784c7]
V  [jvm.dll+0x1f9165]
V  [jvm.dll+0x1f720c]
V  [jvm.dll+0x74485d]
V  [jvm.dll+0x73d65a]
V  [jvm.dll+0x629c56]
C  [ucrtbase.dll+0x210b2]
C  [KERNEL32.DLL+0x17c24]
C  [ntdll.dll+0x6d4d1]


---------------  P R O C E S S  ---------------

Threads class SMR info:
_java_thread_list=0x000001f667ad0c60, length=19, elements={
0x000001f666925390, 0x000001f66692ddc0, 0x000001f66713c390, 0x000001f66713ec60,
0x000001f66713f520, 0x000001f667187340, 0x000001f66716b250, 0x000001f6671f8b90,
0x000001f6672f17b0, 0x000001f667311f80, 0x000001f667740bb0, 0x000001f6677a8250,
0x000001f66752e110, 0x000001f667a9f960, 0x000001f667e98480, 0x000001f667e9ab00,
0x000001f667e997c0, 0x000001f667e99c90, 0x000001f667ad1290
}

Java Threads: ( => current thread )
  0x000001f666925390 JavaThread "Reference Handler" daemon [_thread_blocked, id=22140, stack(0x0000007e4fb00000,0x0000007e4fc00000)]
  0x000001f66692ddc0 JavaThread "Finalizer" daemon [_thread_blocked, id=22196, stack(0x0000007e4fc00000,0x0000007e4fd00000)]
  0x000001f66713c390 JavaThread "Signal Dispatcher" daemon [_thread_blocked, id=2316, stack(0x0000007e4fd00000,0x0000007e4fe00000)]
  0x000001f66713ec60 JavaThread "Attach Listener" daemon [_thread_blocked, id=27876, stack(0x0000007e4fe00000,0x0000007e4ff00000)]
  0x000001f66713f520 JavaThread "Service Thread" daemon [_thread_blocked, id=16952, stack(0x0000007e4ff00000,0x0000007e50000000)]
  0x000001f667187340 JavaThread "C2 CompilerThread0" daemon [_thread_in_native, id=5724, stack(0x0000007e50000000,0x0000007e50100000)]
  0x000001f66716b250 JavaThread "C1 CompilerThread0" daemon [_thread_blocked, id=22260, stack(0x0000007e50100000,0x0000007e50200000)]
  0x000001f6671f8b90 JavaThread "Sweeper thread" daemon [_thread_blocked, id=5116, stack(0x0000007e50200000,0x0000007e50300000)]
  0x000001f6672f17b0 JavaThread "Notification Thread" daemon [_thread_blocked, id=3808, stack(0x0000007e50300000,0x0000007e50400000)]
  0x000001f667311f80 JavaThread "Common-Cleaner" daemon [_thread_blocked, id=21644, stack(0x0000007e50500000,0x0000007e50600000)]
  0x000001f667740bb0 JavaThread "Java2D Disposer" daemon [_thread_blocked, id=16636, stack(0x0000007e50600000,0x0000007e50700000)]
  0x000001f6677a8250 JavaThread "AWT-Shutdown" [_thread_blocked, id=26556, stack(0x0000007e50700000,0x0000007e50800000)]
  0x000001f66752e110 JavaThread "AWT-Windows" daemon [_thread_in_native, id=19288, stack(0x0000007e50800000,0x0000007e50900000)]
  0x000001f667a9f960 JavaThread "AWT-EventQueue-0" [_thread_blocked, id=10468, stack(0x0000007e50c00000,0x0000007e50d00000)]
  0x000001f667e98480 JavaThread "DestroyJavaVM" [_thread_blocked, id=7416, stack(0x0000007e4f400000,0x0000007e4f500000)]
  0x000001f667e9ab00 JavaThread "TimerQueue" daemon [_thread_blocked, id=17164, stack(0x0000007e51300000,0x0000007e51400000)]
  0x000001f667e997c0 JavaThread "Image Fetcher 0" daemon [_thread_blocked, id=14976, stack(0x0000007e50900000,0x0000007e50a00000)]
  0x000001f667e99c90 JavaThread "Image Fetcher 1" daemon [_thread_blocked, id=26364, stack(0x0000007e50b00000,0x0000007e50c00000)]
=>0x000001f667ad1290 JavaThread "C2 CompilerThread1" daemon [_thread_in_native, id=23540, stack(0x0000007e51200000,0x0000007e51300000)]

Other Threads:
  0x000001f66690ef20 VMThread "VM Thread" [stack: 0x0000007e4fa00000,0x0000007e4fb00000] [id=4572]
  0x000001f6672f1c80 WatcherThread [stack: 0x0000007e50400000,0x0000007e50500000] [id=12792]
  0x000001f64cf64710 GCTaskThread "GC Thread#0" [stack: 0x0000007e4f500000,0x0000007e4f600000] [id=20520]
  0x000001f6673dbcb0 GCTaskThread "GC Thread#1" [stack: 0x0000007e50d00000,0x0000007e50e00000] [id=18164]
  0x000001f6673db320 GCTaskThread "GC Thread#2" [stack: 0x0000007e50e00000,0x0000007e50f00000] [id=13108]
  0x000001f6673dc640 GCTaskThread "GC Thread#3" [stack: 0x0000007e50f00000,0x0000007e51000000] [id=24876]
  0x000001f64cf773d0 ConcurrentGCThread "G1 Main Marker" [stack: 0x0000007e4f600000,0x0000007e4f700000] [id=27384]
  0x000001f64cf78730 ConcurrentGCThread "G1 Conc#0" [stack: 0x0000007e4f700000,0x0000007e4f800000] [id=28436]
  0x000001f64cfdf8f0 ConcurrentGCThread "G1 Refine#0" [stack: 0x0000007e4f800000,0x0000007e4f900000] [id=23164]
  0x000001f666741490 ConcurrentGCThread "G1 Young RemSet Sampling" [stack: 0x0000007e4f900000,0x0000007e4fa00000] [id=26496]

Threads with active compile tasks:
C2 CompilerThread0    10907 1916       4       sun.swing.SwingUtilities2::getFontCharsWidth (45 bytes)
C2 CompilerThread1    10907 1884   !   4       sun.font.FontDesignMetrics::getMetrics (265 bytes)

VM state: not at safepoint (normal execution)

VM Mutex/Monitor currently owned by a thread: None

Heap address: 0x0000000082200000, size: 2014 MB, Compressed Oops mode: 32-bit
CDS disabled.
Compressed class space mapped at: 0x0000000100000000-0x0000000140000000, size: 1073741824
Narrow klass base: 0x0000000000000000, Narrow klass shift: 3, Narrow klass range: 0x140000000

GC Precious Log:
 CPUs: 4 total, 4 available
 Memory: 8055M
 Large Page Support: Disabled
 NUMA Support: Disabled
 Compressed Oops: Enabled (32-bit)
 Heap Region Size: 1M
 Heap Min Capacity: 8M
 Heap Initial Capacity: 126M
 Heap Max Capacity: 2014M
 Pre-touch: Disabled
 Parallel Workers: 4
 Concurrent Workers: 1
 Concurrent Refinement Workers: 4
 Periodic GC: Disabled

Heap:
 garbage-first heap   total 129024K, used 35242K [0x0000000082200000, 0x0000000100000000)
  region size 1024K, 13 young (13312K), 2 survivors (2048K)
 Metaspace       used 17337K, capacity 17550K, committed 17664K, reserved 1064960K
  class space    used 1704K, capacity 1746K, committed 1792K, reserved 1048576K

Heap Regions: E=young(eden), S=young(survivor), O=old, HS=humongous(starts), HC=humongous(continues), CS=collection set, F=free, OA=open archive, CA=closed archive, TAMS=top-at-mark-start (previous, next)
|   0|0x0000000082200000, 0x0000000082300000, 0x0000000082300000|100%|HS|  |TAMS 0x0000000082200000, 0x0000000082200000| Complete 
|   1|0x0000000082300000, 0x0000000082400000, 0x0000000082400000|100%| O|  |TAMS 0x0000000082300000, 0x0000000082300000| Untracked 
|   2|0x0000000082400000, 0x0000000082500000, 0x0000000082500000|100%|HS|  |TAMS 0x0000000082400000, 0x0000000082400000| Complete 
|   3|0x0000000082500000, 0x0000000082600000, 0x0000000082600000|100%|HS|  |TAMS 0x0000000082500000, 0x0000000082500000| Complete 
|   4|0x0000000082600000, 0x0000000082700000, 0x0000000082700000|100%|HS|  |TAMS 0x0000000082600000, 0x0000000082600000| Complete 
|   5|0x0000000082700000, 0x0000000082800000, 0x0000000082800000|100%|HC|  |TAMS 0x0000000082700000, 0x0000000082700000| Complete 
|   6|0x0000000082800000, 0x0000000082900000, 0x0000000082900000|100%| O|  |TAMS 0x0000000082800000, 0x0000000082800000| Untracked 
|   7|0x0000000082900000, 0x0000000082a00000, 0x0000000082a00000|100%| O|  |TAMS 0x0000000082900000, 0x0000000082900000| Untracked 
|   8|0x0000000082a00000, 0x0000000082b00000, 0x0000000082b00000|100%|HS|  |TAMS 0x0000000082a00000, 0x0000000082a00000| Complete 
|   9|0x0000000082b00000, 0x0000000082c00000, 0x0000000082c00000|100%|HC|  |TAMS 0x0000000082b00000, 0x0000000082b00000| Complete 
|  10|0x0000000082c00000, 0x0000000082d00000, 0x0000000082d00000|100%|HC|  |TAMS 0x0000000082c00000, 0x0000000082c00000| Complete 
|  11|0x0000000082d00000, 0x0000000082e00000, 0x0000000082e00000|100%|HC|  |TAMS 0x0000000082d00000, 0x0000000082d00000| Complete 
|  12|0x0000000082e00000, 0x0000000082f00000, 0x0000000082f00000|100%|HS|  |TAMS 0x0000000082e00000, 0x0000000082e00000| Complete 
|  13|0x0000000082f00000, 0x0000000083000000, 0x0000000083000000|100%|HC|  |TAMS 0x0000000082f00000, 0x0000000082f00000| Complete 
|  14|0x0000000083000000, 0x0000000083100000, 0x0000000083100000|100%|HS|  |TAMS 0x0000000083000000, 0x0000000083000000| Complete 
|  15|0x0000000083100000, 0x0000000083200000, 0x0000000083200000|100%|HC|  |TAMS 0x0000000083100000, 0x0000000083100000| Complete 
|  16|0x0000000083200000, 0x00000000832e3000, 0x0000000083300000| 88%| O|  |TAMS 0x0000000083200000, 0x0000000083200000| Untracked 
|  17|0x0000000083300000, 0x0000000083400000, 0x0000000083400000|100%|HS|  |TAMS 0x0000000083300000, 0x0000000083300000| Complete 
|  18|0x0000000083400000, 0x0000000083500000, 0x0000000083500000|100%|HS|  |TAMS 0x0000000083400000, 0x0000000083400000| Complete 
|  19|0x0000000083500000, 0x0000000083600000, 0x0000000083600000|100%|HC|  |TAMS 0x0000000083500000, 0x0000000083500000| Complete 
|  20|0x0000000083600000, 0x0000000083700000, 0x0000000083700000|100%|HS|  |TAMS 0x0000000083600000, 0x0000000083600000| Complete 
|  21|0x0000000083700000, 0x0000000083800000, 0x0000000083800000|100%|HC|  |TAMS 0x0000000083700000, 0x0000000083700000| Complete 
|  22|0x0000000083800000, 0x0000000083900000, 0x0000000083900000|100%|HS|  |TAMS 0x0000000083800000, 0x0000000083800000| Complete 
|  23|0x0000000083900000, 0x0000000083900000, 0x0000000083a00000|  0%| F|  |TAMS 0x0000000083900000, 0x0000000083900000| Untracked 
|  24|0x0000000083a00000, 0x0000000083a00000, 0x0000000083b00000|  0%| F|  |TAMS 0x0000000083a00000, 0x0000000083a00000| Untracked 
|  25|0x0000000083b00000, 0x0000000083b00000, 0x0000000083c00000|  0%| F|  |TAMS 0x0000000083b00000, 0x0000000083b00000| Untracked 
|  26|0x0000000083c00000, 0x0000000083c00000, 0x0000000083d00000|  0%| F|  |TAMS 0x0000000083c00000, 0x0000000083c00000| Untracked 
|  27|0x0000000083d00000, 0x0000000083d00000, 0x0000000083e00000|  0%| F|  |TAMS 0x0000000083d00000, 0x0000000083d00000| Untracked 
|  28|0x0000000083e00000, 0x0000000083e00000, 0x0000000083f00000|  0%| F|  |TAMS 0x0000000083e00000, 0x0000000083e00000| Untracked 
|  29|0x0000000083f00000, 0x0000000083f00000, 0x0000000084000000|  0%| F|  |TAMS 0x0000000083f00000, 0x0000000083f00000| Untracked 
|  30|0x0000000084000000, 0x0000000084000000, 0x0000000084100000|  0%| F|  |TAMS 0x0000000084000000, 0x0000000084000000| Untracked 
|  31|0x0000000084100000, 0x0000000084100000, 0x0000000084200000|  0%| F|  |TAMS 0x0000000084100000, 0x0000000084100000| Untracked 
|  32|0x0000000084200000, 0x0000000084200000, 0x0000000084300000|  0%| F|  |TAMS 0x0000000084200000, 0x0000000084200000| Untracked 
|  33|0x0000000084300000, 0x0000000084300000, 0x0000000084400000|  0%| F|  |TAMS 0x0000000084300000, 0x0000000084300000| Untracked 
|  34|0x0000000084400000, 0x0000000084400000, 0x0000000084500000|  0%| F|  |TAMS 0x0000000084400000, 0x0000000084400000| Untracked 
|  35|0x0000000084500000, 0x0000000084500000, 0x0000000084600000|  0%| F|  |TAMS 0x0000000084500000, 0x0000000084500000| Untracked 
|  36|0x0000000084600000, 0x0000000084600000, 0x0000000084700000|  0%| F|  |TAMS 0x0000000084600000, 0x0000000084600000| Untracked 
|  37|0x0000000084700000, 0x0000000084700000, 0x0000000084800000|  0%| F|  |TAMS 0x0000000084700000, 0x0000000084700000| Untracked 
|  38|0x0000000084800000, 0x0000000084800000, 0x0000000084900000|  0%| F|  |TAMS 0x0000000084800000, 0x0000000084800000| Untracked 
|  39|0x0000000084900000, 0x0000000084900000, 0x0000000084a00000|  0%| F|  |TAMS 0x0000000084900000, 0x0000000084900000| Untracked 
|  40|0x0000000084a00000, 0x0000000084a00000, 0x0000000084b00000|  0%| F|  |TAMS 0x0000000084a00000, 0x0000000084a00000| Untracked 
|  41|0x0000000084b00000, 0x0000000084b00000, 0x0000000084c00000|  0%| F|  |TAMS 0x0000000084b00000, 0x0000000084b00000| Untracked 
|  42|0x0000000084c00000, 0x0000000084c00000, 0x0000000084d00000|  0%| F|  |TAMS 0x0000000084c00000, 0x0000000084c00000| Untracked 
|  43|0x0000000084d00000, 0x0000000084d00000, 0x0000000084e00000|  0%| F|  |TAMS 0x0000000084d00000, 0x0000000084d00000| Untracked 
|  44|0x0000000084e00000, 0x0000000084e00000, 0x0000000084f00000|  0%| F|  |TAMS 0x0000000084e00000, 0x0000000084e00000| Untracked 
|  45|0x0000000084f00000, 0x0000000084f00000, 0x0000000085000000|  0%| F|  |TAMS 0x0000000084f00000, 0x0000000084f00000| Untracked 
|  46|0x0000000085000000, 0x0000000085000000, 0x0000000085100000|  0%| F|  |TAMS 0x0000000085000000, 0x0000000085000000| Untracked 
|  47|0x0000000085100000, 0x0000000085100000, 0x0000000085200000|  0%| F|  |TAMS 0x0000000085100000, 0x0000000085100000| Untracked 
|  48|0x0000000085200000, 0x0000000085200000, 0x0000000085300000|  0%| F|  |TAMS 0x0000000085200000, 0x0000000085200000| Untracked 
|  49|0x0000000085300000, 0x0000000085300000, 0x0000000085400000|  0%| F|  |TAMS 0x0000000085300000, 0x0000000085300000| Untracked 
|  50|0x0000000085400000, 0x0000000085400000, 0x0000000085500000|  0%| F|  |TAMS 0x0000000085400000, 0x0000000085400000| Untracked 
|  51|0x0000000085500000, 0x0000000085500000, 0x0000000085600000|  0%| F|  |TAMS 0x0000000085500000, 0x0000000085500000| Untracked 
|  52|0x0000000085600000, 0x0000000085600000, 0x0000000085700000|  0%| F|  |TAMS 0x0000000085600000, 0x0000000085600000| Untracked 
|  53|0x0000000085700000, 0x0000000085700000, 0x0000000085800000|  0%| F|  |TAMS 0x0000000085700000, 0x0000000085700000| Untracked 
|  54|0x0000000085800000, 0x0000000085800000, 0x0000000085900000|  0%| F|  |TAMS 0x0000000085800000, 0x0000000085800000| Untracked 
|  55|0x0000000085900000, 0x0000000085900000, 0x0000000085a00000|  0%| F|  |TAMS 0x0000000085900000, 0x0000000085900000| Untracked 
|  56|0x0000000085a00000, 0x0000000085a00000, 0x0000000085b00000|  0%| F|  |TAMS 0x0000000085a00000, 0x0000000085a00000| Untracked 
|  57|0x0000000085b00000, 0x0000000085b00000, 0x0000000085c00000|  0%| F|  |TAMS 0x0000000085b00000, 0x0000000085b00000| Untracked 
|  58|0x0000000085c00000, 0x0000000085c00000, 0x0000000085d00000|  0%| F|  |TAMS 0x0000000085c00000, 0x0000000085c00000| Untracked 
|  59|0x0000000085d00000, 0x0000000085d00000, 0x0000000085e00000|  0%| F|  |TAMS 0x0000000085d00000, 0x0000000085d00000| Untracked 
|  60|0x0000000085e00000, 0x0000000085e00000, 0x0000000085f00000|  0%| F|  |TAMS 0x0000000085e00000, 0x0000000085e00000| Untracked 
|  61|0x0000000085f00000, 0x0000000085f00000, 0x0000000086000000|  0%| F|  |TAMS 0x0000000085f00000, 0x0000000085f00000| Untracked 
|  62|0x0000000086000000, 0x0000000086000000, 0x0000000086100000|  0%| F|  |TAMS 0x0000000086000000, 0x0000000086000000| Untracked 
|  63|0x0000000086100000, 0x0000000086100000, 0x0000000086200000|  0%| F|  |TAMS 0x0000000086100000, 0x0000000086100000| Untracked 
|  64|0x0000000086200000, 0x0000000086200000, 0x0000000086300000|  0%| F|  |TAMS 0x0000000086200000, 0x0000000086200000| Untracked 
|  65|0x0000000086300000, 0x0000000086300000, 0x0000000086400000|  0%| F|  |TAMS 0x0000000086300000, 0x0000000086300000| Untracked 
|  66|0x0000000086400000, 0x0000000086400000, 0x0000000086500000|  0%| F|  |TAMS 0x0000000086400000, 0x0000000086400000| Untracked 
|  67|0x0000000086500000, 0x0000000086500000, 0x0000000086600000|  0%| F|  |TAMS 0x0000000086500000, 0x0000000086500000| Untracked 
|  68|0x0000000086600000, 0x0000000086600000, 0x0000000086700000|  0%| F|  |TAMS 0x0000000086600000, 0x0000000086600000| Untracked 
|  69|0x0000000086700000, 0x0000000086700000, 0x0000000086800000|  0%| F|  |TAMS 0x0000000086700000, 0x0000000086700000| Untracked 
|  70|0x0000000086800000, 0x0000000086800000, 0x0000000086900000|  0%| F|  |TAMS 0x0000000086800000, 0x0000000086800000| Untracked 
|  71|0x0000000086900000, 0x0000000086900000, 0x0000000086a00000|  0%| F|  |TAMS 0x0000000086900000, 0x0000000086900000| Untracked 
|  72|0x0000000086a00000, 0x0000000086a00000, 0x0000000086b00000|  0%| F|  |TAMS 0x0000000086a00000, 0x0000000086a00000| Untracked 
|  73|0x0000000086b00000, 0x0000000086b00000, 0x0000000086c00000|  0%| F|  |TAMS 0x0000000086b00000, 0x0000000086b00000| Untracked 
|  74|0x0000000086c00000, 0x0000000086c00000, 0x0000000086d00000|  0%| F|  |TAMS 0x0000000086c00000, 0x0000000086c00000| Untracked 
|  75|0x0000000086d00000, 0x0000000086d00000, 0x0000000086e00000|  0%| F|  |TAMS 0x0000000086d00000, 0x0000000086d00000| Untracked 
|  76|0x0000000086e00000, 0x0000000086e00000, 0x0000000086f00000|  0%| F|  |TAMS 0x0000000086e00000, 0x0000000086e00000| Untracked 
|  77|0x0000000086f00000, 0x0000000086f00000, 0x0000000087000000|  0%| F|  |TAMS 0x0000000086f00000, 0x0000000086f00000| Untracked 
|  78|0x0000000087000000, 0x0000000087000000, 0x0000000087100000|  0%| F|  |TAMS 0x0000000087000000, 0x0000000087000000| Untracked 
|  79|0x0000000087100000, 0x0000000087100000, 0x0000000087200000|  0%| F|  |TAMS 0x0000000087100000, 0x0000000087100000| Untracked 
|  80|0x0000000087200000, 0x0000000087200000, 0x0000000087300000|  0%| F|  |TAMS 0x0000000087200000, 0x0000000087200000| Untracked 
|  81|0x0000000087300000, 0x0000000087300000, 0x0000000087400000|  0%| F|  |TAMS 0x0000000087300000, 0x0000000087300000| Untracked 
|  82|0x0000000087400000, 0x0000000087400000, 0x0000000087500000|  0%| F|  |TAMS 0x0000000087400000, 0x0000000087400000| Untracked 
|  83|0x0000000087500000, 0x0000000087500000, 0x0000000087600000|  0%| F|  |TAMS 0x0000000087500000, 0x0000000087500000| Untracked 
|  84|0x0000000087600000, 0x0000000087600000, 0x0000000087700000|  0%| F|  |TAMS 0x0000000087600000, 0x0000000087600000| Untracked 
|  85|0x0000000087700000, 0x0000000087700000, 0x0000000087800000|  0%| F|  |TAMS 0x0000000087700000, 0x0000000087700000| Untracked 
|  86|0x0000000087800000, 0x0000000087800000, 0x0000000087900000|  0%| F|  |TAMS 0x0000000087800000, 0x0000000087800000| Untracked 
|  87|0x0000000087900000, 0x0000000087900000, 0x0000000087a00000|  0%| F|  |TAMS 0x0000000087900000, 0x0000000087900000| Untracked 
|  88|0x0000000087a00000, 0x0000000087a00000, 0x0000000087b00000|  0%| F|  |TAMS 0x0000000087a00000, 0x0000000087a00000| Untracked 
|  89|0x0000000087b00000, 0x0000000087b00000, 0x0000000087c00000|  0%| F|  |TAMS 0x0000000087b00000, 0x0000000087b00000| Untracked 
|  90|0x0000000087c00000, 0x0000000087c00000, 0x0000000087d00000|  0%| F|  |TAMS 0x0000000087c00000, 0x0000000087c00000| Untracked 
|  91|0x0000000087d00000, 0x0000000087d00000, 0x0000000087e00000|  0%| F|  |TAMS 0x0000000087d00000, 0x0000000087d00000| Untracked 
|  92|0x0000000087e00000, 0x0000000087e00000, 0x0000000087f00000|  0%| F|  |TAMS 0x0000000087e00000, 0x0000000087e00000| Untracked 
|  93|0x0000000087f00000, 0x0000000087f00000, 0x0000000088000000|  0%| F|  |TAMS 0x0000000087f00000, 0x0000000087f00000| Untracked 
|  94|0x0000000088000000, 0x0000000088000000, 0x0000000088100000|  0%| F|  |TAMS 0x0000000088000000, 0x0000000088000000| Untracked 
|  95|0x0000000088100000, 0x0000000088100000, 0x0000000088200000|  0%| F|  |TAMS 0x0000000088100000, 0x0000000088100000| Untracked 
|  96|0x0000000088200000, 0x0000000088200000, 0x0000000088300000|  0%| F|  |TAMS 0x0000000088200000, 0x0000000088200000| Untracked 
|  97|0x0000000088300000, 0x0000000088300000, 0x0000000088400000|  0%| F|  |TAMS 0x0000000088300000, 0x0000000088300000| Untracked 
|  98|0x0000000088400000, 0x0000000088400000, 0x0000000088500000|  0%| F|  |TAMS 0x0000000088400000, 0x0000000088400000| Untracked 
|  99|0x0000000088500000, 0x0000000088500000, 0x0000000088600000|  0%| F|  |TAMS 0x0000000088500000, 0x0000000088500000| Untracked 
| 100|0x0000000088600000, 0x0000000088600000, 0x0000000088700000|  0%| F|  |TAMS 0x0000000088600000, 0x0000000088600000| Untracked 
| 101|0x0000000088700000, 0x0000000088700000, 0x0000000088800000|  0%| F|  |TAMS 0x0000000088700000, 0x0000000088700000| Untracked 
| 102|0x0000000088800000, 0x0000000088800000, 0x0000000088900000|  0%| F|  |TAMS 0x0000000088800000, 0x0000000088800000| Untracked 
| 103|0x0000000088900000, 0x0000000088900000, 0x0000000088a00000|  0%| F|  |TAMS 0x0000000088900000, 0x0000000088900000| Untracked 
| 104|0x0000000088a00000, 0x0000000088a00000, 0x0000000088b00000|  0%| F|  |TAMS 0x0000000088a00000, 0x0000000088a00000| Untracked 
| 105|0x0000000088b00000, 0x0000000088b00000, 0x0000000088c00000|  0%| F|  |TAMS 0x0000000088b00000, 0x0000000088b00000| Untracked 
| 106|0x0000000088c00000, 0x0000000088c00000, 0x0000000088d00000|  0%| F|  |TAMS 0x0000000088c00000, 0x0000000088c00000| Untracked 
| 107|0x0000000088d00000, 0x0000000088d00000, 0x0000000088e00000|  0%| F|  |TAMS 0x0000000088d00000, 0x0000000088d00000| Untracked 
| 108|0x0000000088e00000, 0x0000000088e00000, 0x0000000088f00000|  0%| F|  |TAMS 0x0000000088e00000, 0x0000000088e00000| Untracked 
| 109|0x0000000088f00000, 0x0000000088f00000, 0x0000000089000000|  0%| F|  |TAMS 0x0000000088f00000, 0x0000000088f00000| Untracked 
| 110|0x0000000089000000, 0x0000000089087b00, 0x0000000089100000| 53%| S|CS|TAMS 0x0000000089000000, 0x0000000089000000| Complete 
| 111|0x0000000089100000, 0x0000000089100000, 0x0000000089200000|  0%| F|  |TAMS 0x0000000089100000, 0x0000000089100000| Untracked 
| 112|0x0000000089200000, 0x0000000089200000, 0x0000000089300000|  0%| F|  |TAMS 0x0000000089200000, 0x0000000089200000| Untracked 
| 113|0x0000000089300000, 0x0000000089400000, 0x0000000089400000|100%| S|CS|TAMS 0x0000000089300000, 0x0000000089300000| Complete 
| 114|0x0000000089400000, 0x0000000089400000, 0x0000000089500000|  0%| F|  |TAMS 0x0000000089400000, 0x0000000089400000| Untracked 
| 115|0x0000000089500000, 0x00000000895846e0, 0x0000000089600000| 51%| E|  |TAMS 0x0000000089500000, 0x0000000089500000| Complete 
| 116|0x0000000089600000, 0x0000000089700000, 0x0000000089700000|100%| E|CS|TAMS 0x0000000089600000, 0x0000000089600000| Complete 
| 117|0x0000000089700000, 0x0000000089800000, 0x0000000089800000|100%| E|CS|TAMS 0x0000000089700000, 0x0000000089700000| Complete 
| 118|0x0000000089800000, 0x0000000089900000, 0x0000000089900000|100%| E|CS|TAMS 0x0000000089800000, 0x0000000089800000| Complete 
| 119|0x0000000089900000, 0x0000000089a00000, 0x0000000089a00000|100%| E|CS|TAMS 0x0000000089900000, 0x0000000089900000| Complete 
| 120|0x0000000089a00000, 0x0000000089b00000, 0x0000000089b00000|100%| E|CS|TAMS 0x0000000089a00000, 0x0000000089a00000| Complete 
| 121|0x0000000089b00000, 0x0000000089c00000, 0x0000000089c00000|100%| E|CS|TAMS 0x0000000089b00000, 0x0000000089b00000| Complete 
| 122|0x0000000089c00000, 0x0000000089d00000, 0x0000000089d00000|100%| E|CS|TAMS 0x0000000089c00000, 0x0000000089c00000| Complete 
| 123|0x0000000089d00000, 0x0000000089e00000, 0x0000000089e00000|100%| E|CS|TAMS 0x0000000089d00000, 0x0000000089d00000| Complete 
| 124|0x0000000089e00000, 0x0000000089f00000, 0x0000000089f00000|100%| E|CS|TAMS 0x0000000089e00000, 0x0000000089e00000| Complete 
| 125|0x0000000089f00000, 0x000000008a000000, 0x000000008a000000|100%| E|CS|TAMS 0x0000000089f00000, 0x0000000089f00000| Complete 

Card table byte_map: [0x000001f65fd20000,0x000001f660110000] _byte_map_base: 0x000001f65f90f000

Marking Bits (Prev, Next): (CMBitMap*) 0x000001f64cf66db0, (CMBitMap*) 0x000001f64cf66df0
 Prev Bits: [0x000001f660500000, 0x000001f662478000)
 Next Bits: [0x000001f662480000, 0x000001f6643f8000)

Polling page: 0x000001f64b0a0000

Metaspace:

Usage:
  Non-class:     15.43 MB capacity,    15.27 MB ( 99%) used,   149.77 KB ( <1%) free+waste,    21.56 KB ( <1%) overhead. 
      Class:      1.71 MB capacity,     1.66 MB ( 98%) used,    33.84 KB (  2%) free+waste,     7.25 KB ( <1%) overhead. 
       Both:     17.14 MB capacity,    16.93 MB ( 99%) used,   183.60 KB (  1%) free+waste,    28.81 KB ( <1%) overhead. 

Virtual space:
  Non-class space:       16.00 MB reserved,      15.50 MB ( 97%) committed 
      Class space:        1.00 GB reserved,       1.75 MB ( <1%) committed 
             Both:        1.02 GB reserved,      17.25 MB (  2%) committed 

Chunk freelists:
   Non-Class:  4.00 KB
       Class:  14.00 KB
        Both:  18.00 KB

MaxMetaspaceSize: 17179869184.00 GB
CompressedClassSpaceSize: 1.00 GB

CodeHeap 'non-profiled nmethods': size=120000Kb used=832Kb max_used=832Kb free=119167Kb
 bounds [0x000001f658400000, 0x000001f658670000, 0x000001f65f930000]
CodeHeap 'profiled nmethods': size=120000Kb used=3443Kb max_used=3443Kb free=116556Kb
 bounds [0x000001f650ed0000, 0x000001f651230000, 0x000001f658400000]
CodeHeap 'non-nmethods': size=5760Kb used=1302Kb max_used=1330Kb free=4457Kb
 bounds [0x000001f650930000, 0x000001f650ba0000, 0x000001f650ed0000]
 total_blobs=2528 nmethods=1934 adapters=506
 compilation: enabled
              stopped_count=0, restarted_count=0
 full_count=0

Compilation events (20 events):
Event: 10.771 Thread 0x000001f66716b250 1934       3       sun.awt.SunHints$Key::getIndex (5 bytes)
Event: 10.771 Thread 0x000001f66716b250 nmethod 1934 0x000001f65122b210 code [0x000001f65122b3a0, 0x000001f65122b4b8]
Event: 10.771 Thread 0x000001f66716b250 1935       3       java.lang.Math::max (45 bytes)
Event: 10.771 Thread 0x000001f66716b250 nmethod 1935 0x000001f65122b590 code [0x000001f65122b740, 0x000001f65122ba38]
Event: 10.772 Thread 0x000001f66716b250 1936       3       sun.java2d.SunGraphics2D::dispose (12 bytes)
Event: 10.772 Thread 0x000001f66716b250 nmethod 1936 0x000001f65122bb10 code [0x000001f65122bcc0, 0x000001f65122be48]
Event: 10.774 Thread 0x000001f667187340 nmethod 1920 0x000001f6584cf190 code [0x000001f6584cf340, 0x000001f6584cf638]
Event: 10.774 Thread 0x000001f667187340 1921       4       sun.font.FontDesignMetrics::getDefaultFrc (53 bytes)
Event: 10.775 Thread 0x000001f667187340 nmethod 1921 0x000001f6584cf810 code [0x000001f6584cf980, 0x000001f6584cf9f8]
Event: 10.775 Thread 0x000001f667187340 1919       4       sun.font.CompositeGlyphMapper::charToGlyph (19 bytes)
Event: 10.778 Thread 0x000001f667187340 nmethod 1919 0x000001f6584cfb10 code [0x000001f6584cfca0, 0x000001f6584cfdc8]
Event: 10.778 Thread 0x000001f667187340 1916       4       sun.swing.SwingUtilities2::getFontCharsWidth (45 bytes)
Event: 10.778 Thread 0x000001f66716b250 1937       3       java.util.LinkedList::linkLast (59 bytes)
Event: 10.779 Thread 0x000001f66716b250 nmethod 1937 0x000001f65122bf10 code [0x000001f65122c0e0, 0x000001f65122c538]
Event: 10.779 Thread 0x000001f66716b250 1938       3       java.util.LinkedList$Node::<init> (20 bytes)
Event: 10.779 Thread 0x000001f66716b250 nmethod 1938 0x000001f65122c690 code [0x000001f65122c840, 0x000001f65122cab8]
Event: 10.779 Thread 0x000001f66716b250 1939       3       java.util.LinkedList::add (7 bytes)
Event: 10.779 Thread 0x000001f66716b250 nmethod 1939 0x000001f65122cb90 code [0x000001f65122cd40, 0x000001f65122ce88]
Event: 10.779 Thread 0x000001f66716b250 1940       1       java.awt.Container::isFocusCycleRoot (5 bytes)
Event: 10.780 Thread 0x000001f66716b250 nmethod 1940 0x000001f6584cff10 code [0x000001f6584d00a0, 0x000001f6584d0158]

GC Heap History (4 events):
Event: 1.615 GC heap before
{Heap before GC invocations=0 (full 0):
 garbage-first heap   total 129024K, used 19456K [0x0000000082200000, 0x0000000100000000)
  region size 1024K, 13 young (13312K), 0 survivors (0K)
 Metaspace       used 12540K, capacity 12689K, committed 12928K, reserved 1060864K
  class space    used 1203K, capacity 1283K, committed 1408K, reserved 1048576K
}
Event: 1.622 GC heap after
{Heap after GC invocations=1 (full 0):
 garbage-first heap   total 129024K, used 9104K [0x0000000082200000, 0x0000000100000000)
  region size 1024K, 2 young (2048K), 2 survivors (2048K)
 Metaspace       used 12540K, capacity 12689K, committed 12928K, reserved 1060864K
  class space    used 1203K, capacity 1283K, committed 1408K, reserved 1048576K
}
Event: 4.079 GC heap before
{Heap before GC invocations=1 (full 0):
 garbage-first heap   total 129024K, used 29584K [0x0000000082200000, 0x0000000100000000)
  region size 1024K, 14 young (14336K), 2 survivors (2048K)
 Metaspace       used 14995K, capacity 15132K, committed 15488K, reserved 1062912K
  class space    used 1488K, capacity 1541K, committed 1664K, reserved 1048576K
}
Event: 4.084 GC heap after
{Heap after GC invocations=2 (full 0):
 garbage-first heap   total 129024K, used 18858K [0x0000000082200000, 0x0000000100000000)
  region size 1024K, 2 young (2048K), 2 survivors (2048K)
 Metaspace       used 14995K, capacity 15132K, committed 15488K, reserved 1062912K
  class space    used 1488K, capacity 1541K, committed 1664K, reserved 1048576K
}

Deoptimization events (20 events):
Event: 8.737 Thread 0x000001f667e99c90 DEOPT PACKING pc=0x000001f650fef5c9 sp=0x0000007e50bfebd0
Event: 8.737 Thread 0x000001f667e99c90 DEOPT UNPACKING pc=0x000001f65097e23f sp=0x0000007e50bfe048 mode 0
Event: 8.738 Thread 0x000001f667e99c90 DEOPT PACKING pc=0x000001f650fef5c9 sp=0x0000007e50bfebd0
Event: 8.738 Thread 0x000001f667e99c90 DEOPT UNPACKING pc=0x000001f65097e23f sp=0x0000007e50bfe048 mode 0
Event: 8.747 Thread 0x000001f667e997c0 Uncommon trap: trap_request=0xffffffe4 fr.pc=0x000001f658457904 relative=0x0000000000001644
Event: 8.747 Thread 0x000001f667e997c0 Uncommon trap: reason=range_check action=make_not_entrant pc=0x000001f658457904 method=java.awt.image.DirectColorModel.setFields()V @ 6 c2
Event: 8.747 Thread 0x000001f667e997c0 DEOPT PACKING pc=0x000001f658457904 sp=0x0000007e509fed80
Event: 8.747 Thread 0x000001f667e997c0 DEOPT UNPACKING pc=0x000001f65097e42f sp=0x0000007e509febc8 mode 2
Event: 8.822 Thread 0x000001f667a9f960 Uncommon trap: trap_request=0xffffffde fr.pc=0x000001f658483a00 relative=0x0000000000000160
Event: 8.822 Thread 0x000001f667a9f960 Uncommon trap: reason=class_check action=maybe_recompile pc=0x000001f658483a00 method=java.util.HashMap.putVal(ILjava/lang/Object;Ljava/lang/Object;ZZ)Ljava/lang/Object; @ 253 c2
Event: 8.822 Thread 0x000001f667a9f960 DEOPT PACKING pc=0x000001f658483a00 sp=0x0000007e50cfd6d0
Event: 8.822 Thread 0x000001f667a9f960 DEOPT UNPACKING pc=0x000001f65097e42f sp=0x0000007e50cfd670 mode 2
Event: 8.822 Thread 0x000001f667a9f960 Uncommon trap: trap_request=0xffffffde fr.pc=0x000001f658483a00 relative=0x0000000000000160
Event: 8.822 Thread 0x000001f667a9f960 Uncommon trap: reason=class_check action=maybe_recompile pc=0x000001f658483a00 method=java.util.HashMap.putVal(ILjava/lang/Object;Ljava/lang/Object;ZZ)Ljava/lang/Object; @ 253 c2
Event: 8.822 Thread 0x000001f667a9f960 DEOPT PACKING pc=0x000001f658483a00 sp=0x0000007e50cfd660
Event: 8.822 Thread 0x000001f667a9f960 DEOPT UNPACKING pc=0x000001f65097e42f sp=0x0000007e50cfd600 mode 2
Event: 8.899 Thread 0x000001f667a9f960 Uncommon trap: trap_request=0xffffff45 fr.pc=0x000001f6584853c4 relative=0x00000000000000c4
Event: 8.899 Thread 0x000001f667a9f960 Uncommon trap: reason=unstable_if action=reinterpret pc=0x000001f6584853c4 method=java.lang.ref.SoftReference.get()Ljava/lang/Object; @ 6 c2
Event: 8.899 Thread 0x000001f667a9f960 DEOPT PACKING pc=0x000001f6584853c4 sp=0x0000007e50cfcc70
Event: 8.899 Thread 0x000001f667a9f960 DEOPT UNPACKING pc=0x000001f65097e42f sp=0x0000007e50cfcc28 mode 2

Classes unloaded (0 events):
No events

Classes redefined (0 events):
No events

Internal exceptions (17 events):
Event: 0.778 Thread 0x000001f64cf2a240 Exception <a 'java/lang/NoSuchMethodError'{0x0000000089e0f978}: 'void java.lang.invoke.DirectMethodHandle$Holder.invokeSpecial(java.lang.Object, java.lang.Object, java.lang.Object)'> (0x0000000089e0f978) 
thrown [./open/src/hotspot/share/interpreter/linkResolver.cpp, line 782]
Event: 0.816 Thread 0x000001f64cf2a240 Exception <a 'java/lang/ClassNotFoundException'{0x0000000089e3d2a0}: sun/awt/resources/spi/awtProvider> (0x0000000089e3d2a0) 
thrown [./open/src/hotspot/share/classfile/systemDictionary.cpp, line 295]
Event: 0.856 Thread 0x000001f64cf2a240 Exception <a 'java/io/FileNotFoundException'{0x0000000089e99860}> (0x0000000089e99860) 
thrown [./open/src/hotspot/share/prims/jni.cpp, line 578]
Event: 0.866 Thread 0x000001f64cf2a240 Exception <a 'java/io/FileNotFoundException'{0x0000000089ec8560}> (0x0000000089ec8560) 
thrown [./open/src/hotspot/share/prims/jni.cpp, line 578]
Event: 0.866 Thread 0x000001f64cf2a240 Exception <a 'java/lang/NoSuchMethodError'{0x0000000089ec9d80}: 'java.lang.Object java.lang.invoke.DirectMethodHandle$Holder.invokeStatic(java.lang.Object)'> (0x0000000089ec9d80) 
thrown [./open/src/hotspot/share/interpreter/linkResolver.cpp, line 782]
Event: 0.931 Thread 0x000001f64cf2a240 Exception <a 'java/lang/NoSuchMethodError'{0x0000000089d26370}: 'java.lang.Object java.lang.invoke.DirectMethodHandle$Holder.invokeStaticInit(java.lang.Object)'> (0x0000000089d26370) 
thrown [./open/src/hotspot/share/interpreter/linkResolver.cpp, line 782]
Event: 0.989 Thread 0x000001f64cf2a240 Exception <a 'java/lang/NoSuchMethodError'{0x0000000089ddb218}: 'java.lang.Object java.lang.invoke.DirectMethodHandle$Holder.newInvokeSpecial(java.lang.Object, java.lang.Object, java.lang.Object, java.lang.Object, java.lang.Object)'> (0x0000000089ddb218) 
thrown [./open/src/hotspot/share/interpreter/linkResolver.cpp, line 782]
Event: 0.991 Thread 0x000001f64cf2a240 Exception <a 'java/lang/NoSuchMethodError'{0x0000000089de6ca8}: 'java.lang.Object java.lang.invoke.DirectMethodHandle$Holder.invokeStatic(java.lang.Object, int, java.lang.Object, java.lang.Object, java.lang.Object, java.lang.Object)'> (0x0000000089de6ca8) 
thrown [./open/src/hotspot/share/interpreter/linkResolver.cpp, line 782]
Event: 0.996 Thread 0x000001f64cf2a240 Exception <a 'java/lang/NoSuchMethodError'{0x0000000089c0d3f8}: 'java.lang.Object java.lang.invoke.DirectMethodHandle$Holder.invokeStatic(java.lang.Object, int, java.lang.Object)'> (0x0000000089c0d3f8) 
thrown [./open/src/hotspot/share/interpreter/linkResolver.cpp, line 782]
Event: 1.023 Thread 0x000001f64cf2a240 Exception <a 'java/lang/ClassNotFoundException'{0x0000000089cc59b0}: com/sun/swing/internal/plaf/metal/resources/spi/metalProvider> (0x0000000089cc59b0) 
thrown [./open/src/hotspot/share/classfile/systemDictionary.cpp, line 295]
Event: 1.024 Thread 0x000001f64cf2a240 Exception <a 'java/lang/ClassNotFoundException'{0x0000000089cc9c70}: com/sun/swing/internal/plaf/basic/resources/spi/basicProvider> (0x0000000089cc9c70) 
thrown [./open/src/hotspot/share/classfile/systemDictionary.cpp, line 295]
Event: 1.046 Thread 0x000001f66785b7c0 Exception <a 'java/lang/NoSuchMethodError'{0x0000000089b0cb08}: 'java.lang.Object java.lang.invoke.DirectMethodHandle$Holder.newInvokeSpecial(java.lang.Object, java.lang.Object, java.lang.Object, int, int, int, int, int)'> (0x0000000089b0cb08) 
thrown [./open/src/hotspot/share/interpreter/linkResolver.cpp, line 782]
Event: 1.277 Thread 0x000001f66785b7c0 Implicit null exception at 0x000001f6584283e1 to 0x000001f658428910
Event: 1.526 Thread 0x000001f64cf2a240 Exception <a 'java/lang/NoSuchMethodError'{0x0000000089395c88}: 'void java.lang.invoke.DirectMethodHandle$Holder.invokeStaticInit(java.lang.Object)'> (0x0000000089395c88) 
thrown [./open/src/hotspot/share/interpreter/linkResolver.cpp, line 782]
Event: 1.548 Thread 0x000001f64cf2a240 Exception <a 'java/io/FileNotFoundException'{0x00000000893a2918}> (0x00000000893a2918) 
thrown [./open/src/hotspot/share/prims/jni.cpp, line 578]
Event: 3.505 Thread 0x000001f667a9f960 Exception <a 'java/io/FileNotFoundException'{0x0000000089b16c38}> (0x0000000089b16c38) 
thrown [./open/src/hotspot/share/prims/jni.cpp, line 578]
Event: 3.598 Thread 0x000001f667a9f960 Exception <a 'java/io/FileNotFoundException'{0x0000000089bd91d0}> (0x0000000089bd91d0) 
thrown [./open/src/hotspot/share/prims/jni.cpp, line 578]

Events (20 events):
Event: 8.944 loading class jdk/internal/reflect/Label$PatchInfo
Event: 8.944 loading class jdk/internal/reflect/Label$PatchInfo done
Event: 8.944 loading class jdk/internal/reflect/MethodAccessorGenerator$1
Event: 8.944 loading class jdk/internal/reflect/MethodAccessorGenerator$1 done
Event: 8.944 loading class jdk/internal/reflect/ClassDefiner
Event: 8.944 loading class jdk/internal/reflect/ClassDefiner done
Event: 8.944 loading class jdk/internal/reflect/ClassDefiner$1
Event: 8.945 loading class jdk/internal/reflect/ClassDefiner$1 done
Event: 9.022 loading class javax/swing/border/BevelBorder
Event: 9.022 loading class javax/swing/border/BevelBorder done
Event: 9.296 Thread 0x000001f667c5c4a0 Thread exited: 0x000001f667c5c4a0
Event: 9.798 Executing VM operation: HandshakeAllThreads
Event: 9.798 Executing VM operation: HandshakeAllThreads done
Event: 10.027 loading class java/awt/Window$1DisposeAction
Event: 10.027 loading class java/awt/Window$1DisposeAction done
Event: 10.139 Thread 0x000001f667ad1290 Thread added: 0x000001f667ad1290
Event: 10.520 Thread 0x000001f667ad1290 Thread exited: 0x000001f667ad1290
Event: 10.698 Thread 0x000001f667ad1290 Thread added: 0x000001f667ad1290
Event: 10.805 Executing VM operation: HandshakeAllThreads
Event: 10.805 Executing VM operation: HandshakeAllThreads done


Dynamic libraries:
0x00007ff74fce0000 - 0x00007ff74fced000 	C:\tjoeun\dev\eclipse-jee-2020-12-R-win32-x86_64\eclipse\plugins\org.eclipse.justj.openjdk.hotspot.jre.full.win32.x86_64_15.0.1.v20201027-0507\jre\bin\javaw.exe
0x00007ffaa8ee0000 - 0x00007ffaa90d0000 	C:\WINDOWS\SYSTEM32\ntdll.dll
0x00007ffaa8ca0000 - 0x00007ffaa8d52000 	C:\WINDOWS\System32\KERNEL32.DLL
0x00007ffaa6ce0000 - 0x00007ffaa6f85000 	C:\WINDOWS\System32\KERNELBASE.dll
0x00007ffaa6000000 - 0x00007ffaa60fa000 	C:\WINDOWS\System32\ucrtbase.dll
0x00007ffaa2520000 - 0x00007ffaa2539000 	C:\tjoeun\dev\eclipse-jee-2020-12-R-win32-x86_64\eclipse\plugins\org.eclipse.justj.openjdk.hotspot.jre.full.win32.x86_64_15.0.1.v20201027-0507\jre\bin\VCRUNTIME140.dll
0x00007ffaa2540000 - 0x00007ffaa2558000 	C:\tjoeun\dev\eclipse-jee-2020-12-R-win32-x86_64\eclipse\plugins\org.eclipse.justj.openjdk.hotspot.jre.full.win32.x86_64_15.0.1.v20201027-0507\jre\bin\jli.dll
0x00007ffaa7fb0000 - 0x00007ffaa8144000 	C:\WINDOWS\System32\USER32.dll
0x00007ffaa6a00000 - 0x00007ffaa6a21000 	C:\WINDOWS\System32\win32u.dll
0x00007ffa95c70000 - 0x00007ffa95ef4000 	C:\WINDOWS\WinSxS\amd64_microsoft.windows.common-controls_6595b64144ccf1df_6.0.18362.1316_none_9e7a364fe461dbd7\COMCTL32.dll
0x00007ffaa8150000 - 0x00007ffaa81ee000 	C:\WINDOWS\System32\msvcrt.dll
0x00007ffaa8410000 - 0x00007ffaa8436000 	C:\WINDOWS\System32\GDI32.dll
0x00007ffaa88b0000 - 0x00007ffaa8be7000 	C:\WINDOWS\System32\combase.dll
0x00007ffaa5e60000 - 0x00007ffaa5ff8000 	C:\WINDOWS\System32\gdi32full.dll
0x00007ffaa7cb0000 - 0x00007ffaa7dcf000 	C:\WINDOWS\System32\RPCRT4.dll
0x00007ffaa6a30000 - 0x00007ffaa6ace000 	C:\WINDOWS\System32\msvcp_win.dll
0x00007ffaa6c30000 - 0x00007ffaa6cb1000 	C:\WINDOWS\System32\bcryptPrimitives.dll
0x00007ffaa83e0000 - 0x00007ffaa840e000 	C:\WINDOWS\System32\IMM32.DLL
0x00007ffaa2850000 - 0x00007ffaa285c000 	C:\tjoeun\dev\eclipse-jee-2020-12-R-win32-x86_64\eclipse\plugins\org.eclipse.justj.openjdk.hotspot.jre.full.win32.x86_64_15.0.1.v20201027-0507\jre\bin\vcruntime140_1.dll
0x00007ffa9a020000 - 0x00007ffa9a0b1000 	C:\tjoeun\dev\eclipse-jee-2020-12-R-win32-x86_64\eclipse\plugins\org.eclipse.justj.openjdk.hotspot.jre.full.win32.x86_64_15.0.1.v20201027-0507\jre\bin\msvcp140.dll
0x00007ffa73240000 - 0x00007ffa73d9e000 	C:\tjoeun\dev\eclipse-jee-2020-12-R-win32-x86_64\eclipse\plugins\org.eclipse.justj.openjdk.hotspot.jre.full.win32.x86_64_15.0.1.v20201027-0507\jre\bin\server\jvm.dll
0x00007ffaa8260000 - 0x00007ffaa8303000 	C:\WINDOWS\System32\ADVAPI32.dll
0x00007ffaa7f10000 - 0x00007ffaa7fa7000 	C:\WINDOWS\System32\sechost.dll
0x00007ffaa7340000 - 0x00007ffaa7348000 	C:\WINDOWS\System32\PSAPI.DLL
0x00007ffa942f0000 - 0x00007ffa942f9000 	C:\WINDOWS\SYSTEM32\WSOCK32.dll
0x00007ffaa2820000 - 0x00007ffaa2844000 	C:\WINDOWS\SYSTEM32\WINMM.dll
0x00007ffaa81f0000 - 0x00007ffaa825f000 	C:\WINDOWS\System32\WS2_32.dll
0x00007ffaa27f0000 - 0x00007ffaa281d000 	C:\WINDOWS\SYSTEM32\WINMMBASE.dll
0x00007ffa9cea0000 - 0x00007ffa9ceaa000 	C:\WINDOWS\SYSTEM32\VERSION.dll
0x00007ffaa6be0000 - 0x00007ffaa6c2a000 	C:\WINDOWS\System32\cfgmgr32.dll
0x00007ffaa5da0000 - 0x00007ffaa5db1000 	C:\WINDOWS\System32\kernel.appcore.dll
0x00007ffaa24f0000 - 0x00007ffaa24fa000 	C:\tjoeun\dev\eclipse-jee-2020-12-R-win32-x86_64\eclipse\plugins\org.eclipse.justj.openjdk.hotspot.jre.full.win32.x86_64_15.0.1.v20201027-0507\jre\bin\jimage.dll
0x00007ffa90eb0000 - 0x00007ffa910a4000 	C:\WINDOWS\SYSTEM32\DBGHELP.DLL
0x00007ffa90980000 - 0x00007ffa909aa000 	C:\WINDOWS\SYSTEM32\dbgcore.DLL
0x00007ffa9ec40000 - 0x00007ffa9ec65000 	C:\tjoeun\dev\eclipse-jee-2020-12-R-win32-x86_64\eclipse\plugins\org.eclipse.justj.openjdk.hotspot.jre.full.win32.x86_64_15.0.1.v20201027-0507\jre\bin\java.dll
0x00007ffaa0260000 - 0x00007ffaa0278000 	C:\tjoeun\dev\eclipse-jee-2020-12-R-win32-x86_64\eclipse\plugins\org.eclipse.justj.openjdk.hotspot.jre.full.win32.x86_64_15.0.1.v20201027-0507\jre\bin\zip.dll
0x00007ffaa7530000 - 0x00007ffaa7c18000 	C:\WINDOWS\System32\SHELL32.dll
0x00007ffaa6fb0000 - 0x00007ffaa7057000 	C:\WINDOWS\System32\shcore.dll
0x00007ffaa6280000 - 0x00007ffaa69fb000 	C:\WINDOWS\System32\windows.storage.dll
0x00007ffaa5de0000 - 0x00007ffaa5e03000 	C:\WINDOWS\System32\profapi.dll
0x00007ffaa5e10000 - 0x00007ffaa5e5a000 	C:\WINDOWS\System32\powrprof.dll
0x00007ffaa5d90000 - 0x00007ffaa5da0000 	C:\WINDOWS\System32\UMPDC.dll
0x00007ffaa8370000 - 0x00007ffaa83c2000 	C:\WINDOWS\System32\shlwapi.dll
0x00007ffaa6cc0000 - 0x00007ffaa6cd7000 	C:\WINDOWS\System32\cryptsp.dll
0x00007ffa79bd0000 - 0x00007ffa79d4f000 	C:\tjoeun\dev\eclipse-jee-2020-12-R-win32-x86_64\eclipse\plugins\org.eclipse.justj.openjdk.hotspot.jre.full.win32.x86_64_15.0.1.v20201027-0507\jre\bin\awt.dll
0x00007ffaa8dd0000 - 0x00007ffaa8e95000 	C:\WINDOWS\System32\OLEAUT32.dll
0x00007ffaa3de0000 - 0x00007ffaa3e6f000 	C:\WINDOWS\SYSTEM32\apphelp.dll
0x00007ffaa44d0000 - 0x00007ffaa44fd000 	C:\WINDOWS\system32\DWMAPI.DLL
0x00007ffaa3ee0000 - 0x00007ffaa3f79000 	C:\WINDOWS\system32\uxtheme.dll
0x00007ffa8bad0000 - 0x00007ffa8bc26000 	C:\WINDOWS\system32\opengl32.dll
0x00007ffa9d600000 - 0x00007ffa9d62c000 	C:\WINDOWS\SYSTEM32\GLU32.dll
0x00007ffaa49d0000 - 0x00007ffaa49f0000 	C:\WINDOWS\SYSTEM32\dxcore.dll
0x00007ffaa7dd0000 - 0x00007ffaa7f05000 	C:\WINDOWS\System32\MSCTF.dll
0x00007ffaa73d0000 - 0x00007ffaa7527000 	C:\WINDOWS\System32\ole32.dll
0x00007ffa9efe0000 - 0x00007ffa9f00d000 	C:\tjoeun\dev\eclipse-jee-2020-12-R-win32-x86_64\eclipse\plugins\org.eclipse.justj.openjdk.hotspot.jre.full.win32.x86_64_15.0.1.v20201027-0507\jre\bin\javajpeg.dll
0x00007ffa8c090000 - 0x00007ffa8c115000 	C:\tjoeun\dev\eclipse-jee-2020-12-R-win32-x86_64\eclipse\plugins\org.eclipse.justj.openjdk.hotspot.jre.full.win32.x86_64_15.0.1.v20201027-0507\jre\bin\freetype.dll
0x00007ffa8b9e0000 - 0x00007ffa8ba89000 	C:\tjoeun\dev\eclipse-jee-2020-12-R-win32-x86_64\eclipse\plugins\org.eclipse.justj.openjdk.hotspot.jre.full.win32.x86_64_15.0.1.v20201027-0507\jre\bin\fontmanager.dll
0x00007ffa9f0b0000 - 0x00007ffa9f14d000 	C:\WINDOWS\System32\TextInputFramework.dll
0x00007ffaa3b30000 - 0x00007ffaa3c04000 	C:\WINDOWS\System32\CoreMessaging.dll
0x00007ffaa1a60000 - 0x00007ffaa1d8a000 	C:\WINDOWS\System32\CoreUIComponents.dll
0x00007ffaa4dd0000 - 0x00007ffaa4e01000 	C:\WINDOWS\SYSTEM32\ntmarta.dll
0x00007ffaa18f0000 - 0x00007ffaa1a42000 	C:\WINDOWS\SYSTEM32\wintypes.dll
0x00007ffa9f5c0000 - 0x00007ffa9f5d9000 	C:\tjoeun\dev\eclipse-jee-2020-12-R-win32-x86_64\eclipse\plugins\org.eclipse.justj.openjdk.hotspot.jre.full.win32.x86_64_15.0.1.v20201027-0507\jre\bin\net.dll
0x00007ffa975a0000 - 0x00007ffa97690000 	C:\WINDOWS\SYSTEM32\WINHTTP.dll
0x00007ffaa5570000 - 0x00007ffaa55d7000 	C:\WINDOWS\system32\mswsock.dll
0x00007ffa9ec20000 - 0x00007ffa9ec32000 	C:\tjoeun\dev\eclipse-jee-2020-12-R-win32-x86_64\eclipse\plugins\org.eclipse.justj.openjdk.hotspot.jre.full.win32.x86_64_15.0.1.v20201027-0507\jre\bin\nio.dll
0x00007ffa99130000 - 0x00007ffa993d7000 	C:\WINDOWS\System32\iertutil.dll
0x00007ffaa8bf0000 - 0x00007ffaa8c92000 	C:\WINDOWS\System32\clbcatq.dll
0x00007ffa7da00000 - 0x00007ffa7dacf000 	C:\Windows\System32\IME\IMEKR\imkrtip.dll
0x00007ffaa4820000 - 0x00007ffaa4910000 	C:\WINDOWS\SYSTEM32\PROPSYS.dll
0x00007ffa74670000 - 0x00007ffa747a8000 	C:\Windows\System32\IME\shared\imetip.dll
0x00007ffa724f0000 - 0x00007ffa726a3000 	C:\WINDOWS\SYSTEM32\DUI70.dll
0x00007ffa92d70000 - 0x00007ffa92dd5000 	C:\WINDOWS\SYSTEM32\OLEACC.dll
0x00007ffa7c080000 - 0x00007ffa7c0be000 	C:\Windows\System32\IME\IMEKR\imkrapi.dll
0x00007ffa79a80000 - 0x00007ffa79abc000 	C:\Windows\System32\IME\shared\imjkapi.dll
0x00007ffaa15a0000 - 0x00007ffaa174f000 	C:\WINDOWS\SYSTEM32\WindowsCodecs.dll
0x00007ffa95240000 - 0x00007ffa9527b000 	C:\WINDOWS\system32\dataexchange.dll
0x00007ffaa35e0000 - 0x00007ffaa37bd000 	C:\WINDOWS\system32\dcomp.dll
0x00007ffaa3350000 - 0x00007ffaa35ab000 	C:\WINDOWS\system32\d3d11.dll
0x00007ffaa4a60000 - 0x00007ffaa4b4b000 	C:\WINDOWS\system32\dxgi.dll
0x00007ffaa3fa0000 - 0x00007ffaa41fa000 	C:\WINDOWS\system32\twinapi.appcore.dll
0x00007ffaa4300000 - 0x00007ffaa4329000 	C:\WINDOWS\system32\RMCLIENT.dll

dbghelp: loaded successfully - version: 4.0.5 - missing functions: none
symbol engine: initialized successfully - sym options: 0x614 - pdb path: .;C:\tjoeun\dev\eclipse-jee-2020-12-R-win32-x86_64\eclipse\plugins\org.eclipse.justj.openjdk.hotspot.jre.full.win32.x86_64_15.0.1.v20201027-0507\jre\bin;C:\WINDOWS\SYSTEM32;C:\WINDOWS\WinSxS\amd64_microsoft.windows.common-controls_6595b64144ccf1df_6.0.18362.1316_none_9e7a364fe461dbd7;C:\tjoeun\dev\eclipse-jee-2020-12-R-win32-x86_64\eclipse\plugins\org.eclipse.justj.openjdk.hotspot.jre.full.win32.x86_64_15.0.1.v20201027-0507\jre\bin\server;C:\Windows\System32\IME\IMEKR;C:\Windows\System32\IME\shared

VM Arguments:
jvm_args: -Dfile.encoding=UTF-8 -XX:+ShowCodeDetailsInExceptionMessages 
java_command: com.mini.run.run
java_class_path (initial): C:\tjoeun\git\test_upload_ahyun\bin
Launcher Type: SUN_STANDARD

[Global flags]
     intx CICompilerCount                          = 3                                         {product} {ergonomic}
     uint ConcGCThreads                            = 1                                         {product} {ergonomic}
     uint G1ConcRefinementThreads                  = 4                                         {product} {ergonomic}
   size_t G1HeapRegionSize                         = 1048576                                   {product} {ergonomic}
    uintx GCDrainStackTargetSize                   = 64                                        {product} {ergonomic}
   size_t InitialHeapSize                          = 132120576                                 {product} {ergonomic}
   size_t MarkStackSize                            = 4194304                                   {product} {ergonomic}
   size_t MaxHeapSize                              = 2111832064                                {product} {ergonomic}
   size_t MaxNewSize                               = 1266679808                                {product} {ergonomic}
   size_t MinHeapDeltaBytes                        = 1048576                                   {product} {ergonomic}
   size_t MinHeapSize                              = 8388608                                   {product} {ergonomic}
    uintx NonNMethodCodeHeapSize                   = 5832780                                {pd product} {ergonomic}
    uintx NonProfiledCodeHeapSize                  = 122912730                              {pd product} {ergonomic}
    uintx ProfiledCodeHeapSize                     = 122912730                              {pd product} {ergonomic}
    uintx ReservedCodeCacheSize                    = 251658240                              {pd product} {ergonomic}
     bool SegmentedCodeCache                       = true                                      {product} {ergonomic}
     bool ShowCodeDetailsInExceptionMessages       = true                                   {manageable} {command line}
   size_t SoftMaxHeapSize                          = 2111832064                             {manageable} {ergonomic}
     bool UseCompressedClassPointers               = true                                 {lp64_product} {ergonomic}
     bool UseCompressedOops                        = true                                 {lp64_product} {ergonomic}
     bool UseG1GC                                  = true                                      {product} {ergonomic}
     bool UseLargePagesIndividualAllocation        = false                                  {pd product} {ergonomic}

Logging:
Log output configuration:
 #0: stdout all=warning uptime,level,tags
 #1: stderr all=off uptime,level,tags

Environment Variables:
JAVA_HOME=C:\Program Files\ojdkbuild\java-1.8.0-openjdk-1.8.0.282-1
PATH=C:/tjoeun/dev/eclipse-jee-2020-12-R-win32-x86_64/eclipse//plugins/org.eclipse.justj.openjdk.hotspot.jre.full.win32.x86_64_15.0.1.v20201027-0507/jre/bin/server;C:/tjoeun/dev/eclipse-jee-2020-12-R-win32-x86_64/eclipse//plugins/org.eclipse.justj.openjdk.hotspot.jre.full.win32.x86_64_15.0.1.v20201027-0507/jre/bin;C:\oraclexe\app\oracle\product\11.2.0\server\bin;;C:\WinAVR-20100110\bin;C:\WinAVR-20100110\utils\bin;C:\Program Files (x86)\Intel\iCLS Client\;C:\Program Files\Intel\iCLS Client\;C:\WINDOWS\system32;C:\WINDOWS;C:\WINDOWS\System32\Wbem;C:\WINDOWS\System32\WindowsPowerShell\v1.0\;C:\Program Files (x86)\Intel\Intel(R) Management Engine Components\DAL;C:\Program Files\Intel\Intel(R) Management Engine Components\DAL;C:\Program Files (x86)\Intel\Intel(R) Management Engine Components\IPT;C:\Program Files\Intel\Intel(R) Management Engine Components\IPT;C:\Program Files (x86)\Windows Kits\8.1\Windows Performance Toolkit\;C:\Program Files\Intel\WiFi\bin\;C:\Program Files\Common Files\Intel\WirelessCommon\;C:\WINDOWS\System32\OpenSSH\;C:\Program Files\ojdkbuild\java-1.8.0-openjdk-1.8.0.282-1\bin;C:\Program Files\ojdkbuild\java-1.8.0-openjdk-1.8.0.282-1\jre\bin;C:\Program Files\ojdkbuild\java-1.8.0-openjdk-1.8.0.282-1bin;C:\Users\SORA\AppData\Local\Programs\Python\Python38\Scripts\;C:\Users\SORA\AppData\Local\Programs\Python\Python38\;C:\Users\SORA\AppData\Local\Microsoft\WindowsApps;;C:\Users\SORA\AppData\Local\Programs\Microsoft VS Code\bin;C:\tjoeun\dev\eclipse-jee-2020-12-R-win32-x86_64\eclipse;
USERNAME=SORA
OS=Windows_NT
PROCESSOR_IDENTIFIER=Intel64 Family 6 Model 78 Stepping 3, GenuineIntel



---------------  S Y S T E M  ---------------

OS:
 Windows 10 , 64 bit Build 18362 (10.0.18362.1316)
OS uptime: 15 days 12:37 hours

CPU: total 4 (initial active 4) (2 cores per cpu, 2 threads per core) family 6 model 78 stepping 3 microcode 0xcc, cmov, cx8, fxsr, mmx, sse, sse2, sse3, ssse3, sse4.1, sse4.2, popcnt, vzeroupper, avx, avx2, aes, clmul, erms, 3dnowpref, lzcnt, ht, tsc, tscinvbit, bmi1, bmi2, adx, fma, clflush, clflushopt

Memory: 4k page, system-wide physical 8055M (2494M free)
TotalPageFile size 32631M (AvailPageFile size 8M)
current process WorkingSet (physical memory assigned to process): 128M, peak: 128M
current process commit charge ("private bytes"): 244M, peak: 244M

vm_info: OpenJDK 64-Bit Server VM (15.0.1+9-18) for windows-amd64 JRE (15.0.1+9-18), built on Sep 15 2020 14:39:31 by "mach5one" with unknown MS VC++:1925

END.
